2026-03-01 15:40:29: ⚠️ [MONGO] MongoDB disconnected
2026-03-01 16:06:55: [QR] QR image send error: TypeError: fetch failed
2026-03-01 16:06:55:     at node:internal/deps/undici/undici:14902:13
2026-03-01 16:06:55:     at process.processTicksAndRejections (node:internal/process/task_queues:95:5)
2026-03-01 16:06:55:     at async Client.<anonymous> (/home/nil/wa-ai-agent/index.js:361:19) {
2026-03-01 16:06:55:   [cause]: ConnectTimeoutError: Connect Timeout Error (attempted address: api.telegram.org:443, timeout: 10000ms)
2026-03-01 16:06:55:       at onConnectTimeout (node:internal/deps/undici/undici:2718:28)
2026-03-01 16:06:55:       at Immediate._onImmediate (node:internal/deps/undici/undici:2699:11)
2026-03-01 16:06:55:       at process.processImmediate (node:internal/timers:483:21) {
2026-03-01 16:06:55:     code: 'UND_ERR_CONNECT_TIMEOUT',
2026-03-01 16:06:55:     [Symbol(undici.error.UND_ERR)]: true,
2026-03-01 16:06:55:     [Symbol(undici.error.UND_ERR_CONNECT_TIMEOUT)]: true
2026-03-01 16:06:55:   }
2026-03-01 16:06:55: }
2026-03-01 16:07:45: 🔌 [DISCONNECTED] WhatsApp disconnected: Max qrcode retries reached
2026-03-01 16:19:39: Pairing code request error: Error [TypeError]: window.onCodeReceivedEvent is not a function
2026-03-01 16:19:39:     at evaluate (evaluate at Client.requestPairingCode (/home/nil/wa-ai-agent/node_modules/whatsapp-web.js/src/Client.js:395:35), <anonymous>:19:26)
2026-03-01 16:19:39:     at #evaluate (/home/nil/wa-ai-agent/node_modules/puppeteer-core/lib/cjs/puppeteer/cdp/ExecutionContext.js:391:56)
2026-03-01 16:19:39:     at async ExecutionContext.evaluate (/home/nil/wa-ai-agent/node_modules/puppeteer-core/lib/cjs/puppeteer/cdp/ExecutionContext.js:277:16)
2026-03-01 16:19:39:     at async IsolatedWorld.evaluate (/home/nil/wa-ai-agent/node_modules/puppeteer-core/lib/cjs/puppeteer/cdp/IsolatedWorld.js:100:16)
2026-03-01 16:19:39:     at async CdpFrame.evaluate (/home/nil/wa-ai-agent/node_modules/puppeteer-core/lib/cjs/puppeteer/api/Frame.js:362:20)
2026-03-01 16:19:39:     at async CdpPage.evaluate (/home/nil/wa-ai-agent/node_modules/puppeteer-core/lib/cjs/puppeteer/api/Page.js:830:20)
2026-03-01 16:19:39:     at async Client.requestPairingCode (/home/nil/wa-ai-agent/node_modules/whatsapp-web.js/src/Client.js:395:16)
2026-03-01 16:19:39:     at async Client.<anonymous> (/home/nil/wa-ai-agent/index.js:395:20)
2026-03-01 16:20:04: Pairing code request error: Error [TypeError]: window.onCodeReceivedEvent is not a function
2026-03-01 16:20:04:     at evaluate (evaluate at Client.requestPairingCode (/home/nil/wa-ai-agent/node_modules/whatsapp-web.js/src/Client.js:395:35), <anonymous>:19:26)
2026-03-01 16:20:04:     at #evaluate (/home/nil/wa-ai-agent/node_modules/puppeteer-core/lib/cjs/puppeteer/cdp/ExecutionContext.js:391:56)
2026-03-01 16:20:04:     at async ExecutionContext.evaluate (/home/nil/wa-ai-agent/node_modules/puppeteer-core/lib/cjs/puppeteer/cdp/ExecutionContext.js:277:16)
2026-03-01 16:20:04:     at async IsolatedWorld.evaluate (/home/nil/wa-ai-agent/node_modules/puppeteer-core/lib/cjs/puppeteer/cdp/IsolatedWorld.js:100:16)
2026-03-01 16:20:04:     at async CdpFrame.evaluate (/home/nil/wa-ai-agent/node_modules/puppeteer-core/lib/cjs/puppeteer/api/Frame.js:362:20)
2026-03-01 16:20:04:     at async CdpPage.evaluate (/home/nil/wa-ai-agent/node_modules/puppeteer-core/lib/cjs/puppeteer/api/Page.js:830:20)
2026-03-01 16:20:04:     at async Client.requestPairingCode (/home/nil/wa-ai-agent/node_modules/whatsapp-web.js/src/Client.js:395:16)
2026-03-01 16:20:04:     at async Client.<anonymous> (/home/nil/wa-ai-agent/index.js:395:20)
2026-03-01 16:21:22: 🔌 [DISCONNECTED] WhatsApp disconnected: Max qrcode retries reached
